<?xml version="1.0" encoding="UTF-8"?>
<!-- Generated by org.testng.reporters.JUnitReportReporter -->
<testsuite hostname="DESKTOP-OH4RT0P" failures="0" tests="3" name="techm.techm1.test1" time="95.718" errors="0" timestamp="14 Dec 2019 06:08:32 GMT">
  <testcase classname="techm.techm1.test1" name="Test1" time="23.749"/>
  <testcase classname="techm.techm1.test1" name="Test3" time="16.412"/>
  <testcase classname="techm.techm1.test1" name="Test2" time="55.557"/>
</testsuite> <!-- techm.techm1.test1 -->
